# JRE version: Java(TM) SE Runtime Environment (17.0+35) (build 17+35-LTS-2724)
# Java VM: Java HotSpot(TM) 64-Bit Server VM (17+35-LTS-2724, mixed mode, sharing, tiered, compressed oops, compressed class ptrs, parallel gc, windows-amd64)
GC Precious Log:
 CPUs: 8 total, 8 available
 Memory: 8043M
 Large Page Support: Disabled
 NUMA Support: Disabled
 Compressed Oops: Enabled (32-bit)
 Alignments: Space 512K, Generation 512K, Heap 2M
 Heap Min Capacity: 100M
 Heap Initial Capacity: 100M
 Heap Max Capacity: 1G
 Pre-touch: Disabled
 Parallel Workers: 8
Heap:
 PSYoungGen      total 52736K, used 17820K [0x00000000eab00000, 0x00000000ee700000, 0x0000000100000000)
  eden space 46592K, 26% used [0x00000000eab00000,0x00000000eb6d74e0,0x00000000ed880000)
  from space 6144K, 92% used [0x00000000ee100000,0x00000000ee68fc18,0x00000000ee700000)
  to   space 6656K, 0% used [0x00000000eda00000,0x00000000eda00000,0x00000000ee080000)
 ParOldGen       total 305664K, used 259951K [0x00000000c0000000, 0x00000000d2a80000, 0x00000000eab00000)
  object space 305664K, 85% used [0x00000000c0000000,0x00000000cfddbdb0,0x00000000d2a80000)
 Metaspace       used 66243K, committed 67520K, reserved 1114112K
  class space    used 6906K, committed 7488K, reserved 1048576K
GC Heap History (20 events):
Event: 44.421 GC heap before
{Heap before GC invocations=305 (full 15):
 PSYoungGen      total 30208K, used 30130K [0x00000000eab00000, 0x00000000ed280000, 0x0000000100000000)
  eden space 24576K, 99% used [0x00000000eab00000,0x00000000ec2fca98,0x00000000ec300000)
  from space 5632K, 98% used [0x00000000ecd00000,0x00000000ed270000,0x00000000ed280000)
  to   space 6656K, 0% used [0x00000000ec580000,0x00000000ec580000,0x00000000ecc00000)
 ParOldGen       total 305664K, used 248235K [0x00000000c0000000, 0x00000000d2a80000, 0x00000000eab00000)
  object space 305664K, 81% used [0x00000000c0000000,0x00000000cf26ad70,0x00000000d2a80000)
 Metaspace       used 66232K, committed 67520K, reserved 1114112K
  class space    used 6906K, committed 7488K, reserved 1048576K
}
Event: 44.429 GC heap after
{Heap after GC invocations=305 (full 15):
 PSYoungGen      total 33280K, used 6638K [0x00000000eab00000, 0x00000000ed600000, 0x0000000100000000)
  eden space 26624K, 0% used [0x00000000eab00000,0x00000000eab00000,0x00000000ec500000)
  from space 6656K, 99% used [0x00000000ec580000,0x00000000ecbfb850,0x00000000ecc00000)
  to   space 8704K, 0% used [0x00000000ecd80000,0x00000000ecd80000,0x00000000ed600000)
 ParOldGen       total 305664K, used 249347K [0x00000000c0000000, 0x00000000d2a80000, 0x00000000eab00000)
  object space 305664K, 81% used [0x00000000c0000000,0x00000000cf380d70,0x00000000d2a80000)
 Metaspace       used 66232K, committed 67520K, reserved 1114112K
  class space    used 6906K, committed 7488K, reserved 1048576K
}
Event: 44.435 GC heap before
{Heap before GC invocations=306 (full 15):
 PSYoungGen      total 33280K, used 33218K [0x00000000eab00000, 0x00000000ed600000, 0x0000000100000000)
  eden space 26624K, 99% used [0x00000000eab00000,0x00000000ec4f51c0,0x00000000ec500000)
  from space 6656K, 99% used [0x00000000ec580000,0x00000000ecbfb850,0x00000000ecc00000)
  to   space 8704K, 0% used [0x00000000ecd80000,0x00000000ecd80000,0x00000000ed600000)
 ParOldGen       total 305664K, used 249347K [0x00000000c0000000, 0x00000000d2a80000, 0x00000000eab00000)
  object space 305664K, 81% used [0x00000000c0000000,0x00000000cf380d70,0x00000000d2a80000)
 Metaspace       used 66232K, committed 67520K, reserved 1114112K
  class space    used 6906K, committed 7488K, reserved 1048576K
}
Event: 44.443 GC heap after
{Heap after GC invocations=306 (full 15):
 PSYoungGen      total 36864K, used 6808K [0x00000000eab00000, 0x00000000ed680000, 0x0000000100000000)
  eden space 28160K, 0% used [0x00000000eab00000,0x00000000eab00000,0x00000000ec680000)
  from space 8704K, 78% used [0x00000000ecd80000,0x00000000ed426378,0x00000000ed600000)
  to   space 7168K, 0% used [0x00000000ec680000,0x00000000ec680000,0x00000000ecd80000)
 ParOldGen       total 305664K, used 249347K [0x00000000c0000000, 0x00000000d2a80000, 0x00000000eab00000)
  object space 305664K, 81% used [0x00000000c0000000,0x00000000cf380d70,0x00000000d2a80000)
 Metaspace       used 66232K, committed 67520K, reserved 1114112K
  class space    used 6906K, committed 7488K, reserved 1048576K
}
Event: 44.448 GC heap before
{Heap before GC invocations=307 (full 15):
 PSYoungGen      total 36864K, used 34934K [0x00000000eab00000, 0x00000000ed680000, 0x0000000100000000)
  eden space 28160K, 99% used [0x00000000eab00000,0x00000000ec6777f0,0x00000000ec680000)
  from space 8704K, 78% used [0x00000000ecd80000,0x00000000ed426378,0x00000000ed600000)
  to   space 7168K, 0% used [0x00000000ec680000,0x00000000ec680000,0x00000000ecd80000)
 ParOldGen       total 305664K, used 249347K [0x00000000c0000000, 0x00000000d2a80000, 0x00000000eab00000)
  object space 305664K, 81% used [0x00000000c0000000,0x00000000cf380d70,0x00000000d2a80000)
 Metaspace       used 66232K, committed 67520K, reserved 1114112K
  class space    used 6906K, committed 7488K, reserved 1048576K
}
Event: 44.452 GC heap after
{Heap after GC invocations=307 (full 15):
 PSYoungGen      total 35328K, used 6865K [0x00000000eab00000, 0x00000000ed800000, 0x0000000100000000)
  eden space 28160K, 0% used [0x00000000eab00000,0x00000000eab00000,0x00000000ec680000)
  from space 7168K, 95% used [0x00000000ec680000,0x00000000ecd34778,0x00000000ecd80000)
  to   space 7168K, 0% used [0x00000000ed100000,0x00000000ed100000,0x00000000ed800000)
 ParOldGen       total 305664K, used 249347K [0x00000000c0000000, 0x00000000d2a80000, 0x00000000eab00000)
  object space 305664K, 81% used [0x00000000c0000000,0x00000000cf380d70,0x00000000d2a80000)
 Metaspace       used 66232K, committed 67520K, reserved 1114112K
  class space    used 6906K, committed 7488K, reserved 1048576K
}
Event: 44.457 GC heap before
{Heap before GC invocations=308 (full 15):
 PSYoungGen      total 35328K, used 34976K [0x00000000eab00000, 0x00000000ed800000, 0x0000000100000000)
  eden space 28160K, 99% used [0x00000000eab00000,0x00000000ec673898,0x00000000ec680000)
  from space 7168K, 95% used [0x00000000ec680000,0x00000000ecd34778,0x00000000ecd80000)
  to   space 7168K, 0% used [0x00000000ed100000,0x00000000ed100000,0x00000000ed800000)
 ParOldGen       total 305664K, used 249347K [0x00000000c0000000, 0x00000000d2a80000, 0x00000000eab00000)
  object space 305664K, 81% used [0x00000000c0000000,0x00000000cf380d70,0x00000000d2a80000)
 Metaspace       used 66232K, committed 67520K, reserved 1114112K
  class space    used 6906K, committed 7488K, reserved 1048576K
}
Event: 44.465 GC heap after
{Heap after GC invocations=308 (full 15):
 PSYoungGen      total 38912K, used 6853K [0x00000000eab00000, 0x00000000ed880000, 0x0000000100000000)
  eden space 31744K, 0% used [0x00000000eab00000,0x00000000eab00000,0x00000000eca00000)
  from space 7168K, 95% used [0x00000000ed100000,0x00000000ed7b14d0,0x00000000ed800000)
  to   space 7168K, 0% used [0x00000000eca00000,0x00000000eca00000,0x00000000ed100000)
 ParOldGen       total 305664K, used 249347K [0x00000000c0000000, 0x00000000d2a80000, 0x00000000eab00000)
  object space 305664K, 81% used [0x00000000c0000000,0x00000000cf380d70,0x00000000d2a80000)
 Metaspace       used 66232K, committed 67520K, reserved 1114112K
  class space    used 6906K, committed 7488K, reserved 1048576K
}
Event: 44.470 GC heap before
{Heap before GC invocations=309 (full 15):
 PSYoungGen      total 38912K, used 38556K [0x00000000eab00000, 0x00000000ed880000, 0x0000000100000000)
  eden space 31744K, 99% used [0x00000000eab00000,0x00000000ec9f5d50,0x00000000eca00000)
  from space 7168K, 95% used [0x00000000ed100000,0x00000000ed7b14d0,0x00000000ed800000)
  to   space 7168K, 0% used [0x00000000eca00000,0x00000000eca00000,0x00000000ed100000)
 ParOldGen       total 305664K, used 249347K [0x00000000c0000000, 0x00000000d2a80000, 0x00000000eab00000)
  object space 305664K, 81% used [0x00000000c0000000,0x00000000cf380d70,0x00000000d2a80000)
 Metaspace       used 66232K, committed 67520K, reserved 1114112K
  class space    used 6906K, committed 7488K, reserved 1048576K
}
Event: 44.474 GC heap after
{Heap after GC invocations=309 (full 15):
 PSYoungGen      total 38912K, used 6839K [0x00000000eab00000, 0x00000000edd00000, 0x0000000100000000)
  eden space 31744K, 0% used [0x00000000eab00000,0x00000000eab00000,0x00000000eca00000)
  from space 7168K, 95% used [0x00000000eca00000,0x00000000ed0adde0,0x00000000ed100000)
  to   space 7168K, 0% used [0x00000000ed600000,0x00000000ed600000,0x00000000edd00000)
 ParOldGen       total 305664K, used 249347K [0x00000000c0000000, 0x00000000d2a80000, 0x00000000eab00000)
  object space 305664K, 81% used [0x00000000c0000000,0x00000000cf380d70,0x00000000d2a80000)
 Metaspace       used 66232K, committed 67520K, reserved 1114112K
  class space    used 6906K, committed 7488K, reserved 1048576K
}
Event: 45.211 GC heap before
{Heap before GC invocations=310 (full 15):
 PSYoungGen      total 38912K, used 38583K [0x00000000eab00000, 0x00000000edd00000, 0x0000000100000000)
  eden space 31744K, 100% used [0x00000000eab00000,0x00000000eca00000,0x00000000eca00000)
  from space 7168K, 95% used [0x00000000eca00000,0x00000000ed0adde0,0x00000000ed100000)
  to   space 7168K, 0% used [0x00000000ed600000,0x00000000ed600000,0x00000000edd00000)
 ParOldGen       total 305664K, used 249347K [0x00000000c0000000, 0x00000000d2a80000, 0x00000000eab00000)
  object space 305664K, 81% used [0x00000000c0000000,0x00000000cf380d70,0x00000000d2a80000)
 Metaspace       used 66233K, committed 67520K, reserved 1114112K
  class space    used 6906K, committed 7488K, reserved 1048576K
}
Event: 45.221 GC heap after
{Heap after GC invocations=310 (full 15):
 PSYoungGen      total 41984K, used 5390K [0x00000000eab00000, 0x00000000edb80000, 0x0000000100000000)
  eden space 36352K, 0% used [0x00000000eab00000,0x00000000eab00000,0x00000000ece80000)
  from space 5632K, 95% used [0x00000000ed600000,0x00000000edb43b30,0x00000000edb80000)
  to   space 6144K, 0% used [0x00000000ecf80000,0x00000000ecf80000,0x00000000ed580000)
 ParOldGen       total 305664K, used 251527K [0x00000000c0000000, 0x00000000d2a80000, 0x00000000eab00000)
  object space 305664K, 82% used [0x00000000c0000000,0x00000000cf5a1f78,0x00000000d2a80000)
 Metaspace       used 66233K, committed 67520K, reserved 1114112K
  class space    used 6906K, committed 7488K, reserved 1048576K
}
Event: 45.469 GC heap before
{Heap before GC invocations=311 (full 15):
 PSYoungGen      total 41984K, used 41742K [0x00000000eab00000, 0x00000000edb80000, 0x0000000100000000)
  eden space 36352K, 100% used [0x00000000eab00000,0x00000000ece80000,0x00000000ece80000)
  from space 5632K, 95% used [0x00000000ed600000,0x00000000edb43b30,0x00000000edb80000)
  to   space 6144K, 0% used [0x00000000ecf80000,0x00000000ecf80000,0x00000000ed580000)
 ParOldGen       total 305664K, used 251527K [0x00000000c0000000, 0x00000000d2a80000, 0x00000000eab00000)
  object space 305664K, 82% used [0x00000000c0000000,0x00000000cf5a1f78,0x00000000d2a80000)
 Metaspace       used 66241K, committed 67520K, reserved 1114112K
  class space    used 6906K, committed 7488K, reserved 1048576K
}
Event: 45.485 GC heap after
{Heap after GC invocations=311 (full 15):
 PSYoungGen      total 43520K, used 2722K [0x00000000eab00000, 0x00000000edb80000, 0x0000000100000000)
  eden space 37376K, 0% used [0x00000000eab00000,0x00000000eab00000,0x00000000ecf80000)
  from space 6144K, 44% used [0x00000000ecf80000,0x00000000ed228940,0x00000000ed580000)
  to   space 4096K, 0% used [0x00000000ed780000,0x00000000ed780000,0x00000000edb80000)
 ParOldGen       total 305664K, used 255391K [0x00000000c0000000, 0x00000000d2a80000, 0x00000000eab00000)
  object space 305664K, 83% used [0x00000000c0000000,0x00000000cf967f78,0x00000000d2a80000)
 Metaspace       used 66241K, committed 67520K, reserved 1114112K
  class space    used 6906K, committed 7488K, reserved 1048576K
}
Event: 45.804 GC heap before
{Heap before GC invocations=312 (full 15):
 PSYoungGen      total 43520K, used 40098K [0x00000000eab00000, 0x00000000edb80000, 0x0000000100000000)
  eden space 37376K, 100% used [0x00000000eab00000,0x00000000ecf80000,0x00000000ecf80000)
  from space 6144K, 44% used [0x00000000ecf80000,0x00000000ed228940,0x00000000ed580000)
  to   space 4096K, 0% used [0x00000000ed780000,0x00000000ed780000,0x00000000edb80000)
 ParOldGen       total 305664K, used 255391K [0x00000000c0000000, 0x00000000d2a80000, 0x00000000eab00000)
  object space 305664K, 83% used [0x00000000c0000000,0x00000000cf967f78,0x00000000d2a80000)
 Metaspace       used 66243K, committed 67520K, reserved 1114112K
  class space    used 6906K, committed 7488K, reserved 1048576K
}
Event: 45.806 GC heap after
{Heap after GC invocations=312 (full 15):
 PSYoungGen      total 45056K, used 2880K [0x00000000eab00000, 0x00000000eda80000, 0x0000000100000000)
  eden space 41984K, 0% used [0x00000000eab00000,0x00000000eab00000,0x00000000ed400000)
  from space 3072K, 93% used [0x00000000ed780000,0x00000000eda50158,0x00000000eda80000)
  to   space 3072K, 0% used [0x00000000ed480000,0x00000000ed480000,0x00000000ed780000)
 ParOldGen       total 305664K, used 255391K [0x00000000c0000000, 0x00000000d2a80000, 0x00000000eab00000)
  object space 305664K, 83% used [0x00000000c0000000,0x00000000cf967f78,0x00000000d2a80000)
 Metaspace       used 66243K, committed 67520K, reserved 1114112K
  class space    used 6906K, committed 7488K, reserved 1048576K
}
Event: 45.996 GC heap before
{Heap before GC invocations=313 (full 15):
 PSYoungGen      total 45056K, used 44864K [0x00000000eab00000, 0x00000000eda80000, 0x0000000100000000)
  eden space 41984K, 100% used [0x00000000eab00000,0x00000000ed400000,0x00000000ed400000)
  from space 3072K, 93% used [0x00000000ed780000,0x00000000eda50158,0x00000000eda80000)
  to   space 3072K, 0% used [0x00000000ed480000,0x00000000ed480000,0x00000000ed780000)
 ParOldGen       total 305664K, used 255391K [0x00000000c0000000, 0x00000000d2a80000, 0x00000000eab00000)
  object space 305664K, 83% used [0x00000000c0000000,0x00000000cf967f78,0x00000000d2a80000)
 Metaspace       used 66243K, committed 67520K, reserved 1114112K
  class space    used 6906K, committed 7488K, reserved 1048576K
}
Event: 46.012 GC heap after
{Heap after GC invocations=313 (full 15):
 PSYoungGen      total 45568K, used 3047K [0x00000000eab00000, 0x00000000ee980000, 0x0000000100000000)
  eden space 42496K, 0% used [0x00000000eab00000,0x00000000eab00000,0x00000000ed480000)
  from space 3072K, 99% used [0x00000000ed480000,0x00000000ed779d38,0x00000000ed780000)
  to   space 8704K, 0% used [0x00000000ee100000,0x00000000ee100000,0x00000000ee980000)
 ParOldGen       total 305664K, used 259863K [0x00000000c0000000, 0x00000000d2a80000, 0x00000000eab00000)
  object space 305664K, 85% used [0x00000000c0000000,0x00000000cfdc5db0,0x00000000d2a80000)
 Metaspace       used 66243K, committed 67520K, reserved 1114112K
  class space    used 6906K, committed 7488K, reserved 1048576K
}
Event: 46.341 GC heap before
{Heap before GC invocations=314 (full 15):
 PSYoungGen      total 45568K, used 45543K [0x00000000eab00000, 0x00000000ee980000, 0x0000000100000000)
  eden space 42496K, 100% used [0x00000000eab00000,0x00000000ed480000,0x00000000ed480000)
  from space 3072K, 99% used [0x00000000ed480000,0x00000000ed779d38,0x00000000ed780000)
  to   space 8704K, 0% used [0x00000000ee100000,0x00000000ee100000,0x00000000ee980000)
 ParOldGen       total 305664K, used 259863K [0x00000000c0000000, 0x00000000d2a80000, 0x00000000eab00000)
  object space 305664K, 85% used [0x00000000c0000000,0x00000000cfdc5db0,0x00000000d2a80000)
 Metaspace       used 66243K, committed 67520K, reserved 1114112K
  class space    used 6906K, committed 7488K, reserved 1048576K
}
Event: 46.345 GC heap after
{Heap after GC invocations=314 (full 15):
 PSYoungGen      total 52736K, used 5695K [0x00000000eab00000, 0x00000000ee700000, 0x0000000100000000)
  eden space 46592K, 0% used [0x00000000eab00000,0x00000000eab00000,0x00000000ed880000)
  from space 6144K, 92% used [0x00000000ee100000,0x00000000ee68fc18,0x00000000ee700000)
  to   space 6656K, 0% used [0x00000000eda00000,0x00000000eda00000,0x00000000ee080000)
 ParOldGen       total 305664K, used 259951K [0x00000000c0000000, 0x00000000d2a80000, 0x00000000eab00000)
  object space 305664K, 85% used [0x00000000c0000000,0x00000000cfddbdb0,0x00000000d2a80000)
 Metaspace       used 66243K, committed 67520K, reserved 1114112K
  class space    used 6906K, committed 7488K, reserved 1048576K
}

